# JRE version: Java(TM) SE Runtime Environment (7.0_45-b18) (build 1.7.0_45-b18)
# Java VM: Java HotSpot(TM) 64-Bit Server VM (24.45-b08 mixed mode bsd-amd64 compressed oops)
Heap
 PSYoungGen      total 321536K, used 293376K [0x0000000143780000, 0x0000000158d00000, 0x0000000158d00000)
  eden space 293376K, 100% used [0x0000000143780000,0x0000000155600000,0x0000000155600000)
  from space 28160K, 0% used [0x0000000155600000,0x0000000155600000,0x0000000157180000)
  to   space 28160K, 0% used [0x0000000157180000,0x0000000157180000,0x0000000158d00000)
 ParOldGen       total 87040K, used 69302K [0x0000000118d00000, 0x000000011e200000, 0x0000000143780000)
  object space 87040K, 79% used [0x0000000118d00000,0x000000011d0adb38,0x000000011e200000)
 PSPermGen       total 83456K, used 53041K [0x0000000108d00000, 0x000000010de80000, 0x0000000118d00000)
  object space 83456K, 63% used [0x0000000108d00000,0x000000010c0cc698,0x000000010de80000)
GC Heap History (10 events):
Event: 8.350 GC heap after
Heap after GC invocations=6 (full 0):
 PSYoungGen      total 280576K, used 5412K [0x0000000143780000, 0x0000000155480000, 0x0000000158d00000)
  eden space 270336K, 0% used [0x0000000143780000,0x0000000143780000,0x0000000153f80000)
  from space 10240K, 52% used [0x0000000154a80000,0x0000000154fc90a0,0x0000000155480000)
  to   space 10752K, 0% used [0x0000000153f80000,0x0000000153f80000,0x0000000154a00000)
 ParOldGen       total 87040K, used 8146K [0x0000000118d00000, 0x000000011e200000, 0x0000000143780000)
  object space 87040K, 9% used [0x0000000118d00000,0x00000001194f4938,0x000000011e200000)
 PSPermGen       total 21504K, used 18255K [0x0000000108d00000, 0x000000010a200000, 0x0000000118d00000)
  object space 21504K, 84% used [0x0000000108d00000,0x0000000109ed3e18,0x000000010a200000)
}
Event: 13.971 GC heap before
{Heap before GC invocations=7 (full 0):
 PSYoungGen      total 280576K, used 275748K [0x0000000143780000, 0x0000000155480000, 0x0000000158d00000)
  eden space 270336K, 100% used [0x0000000143780000,0x0000000153f80000,0x0000000153f80000)
  from space 10240K, 52% used [0x0000000154a80000,0x0000000154fc90a0,0x0000000155480000)
  to   space 10752K, 0% used [0x0000000153f80000,0x0000000153f80000,0x0000000154a00000)
 ParOldGen       total 87040K, used 8146K [0x0000000118d00000, 0x000000011e200000, 0x0000000143780000)
  object space 87040K, 9% used [0x0000000118d00000,0x00000001194f4938,0x000000011e200000)
 PSPermGen       total 23040K, used 22794K [0x0000000108d00000, 0x000000010a380000, 0x0000000118d00000)
  object space 23040K, 98% used [0x0000000108d00000,0x000000010a342b58,0x000000010a380000)
Event: 14.063 GC heap after
Heap after GC invocations=7 (full 0):
 PSYoungGen      total 281088K, used 10752K [0x0000000143780000, 0x0000000158d00000, 0x0000000158d00000)
  eden space 270336K, 0% used [0x0000000143780000,0x0000000143780000,0x0000000153f80000)
  from space 10752K, 100% used [0x0000000153f80000,0x0000000154a00000,0x0000000154a00000)
  to   space 15872K, 0% used [0x0000000157d80000,0x0000000157d80000,0x0000000158d00000)
 ParOldGen       total 87040K, used 14733K [0x0000000118d00000, 0x000000011e200000, 0x0000000143780000)
  object space 87040K, 16% used [0x0000000118d00000,0x0000000119b637d8,0x000000011e200000)
 PSPermGen       total 23040K, used 22794K [0x0000000108d00000, 0x000000010a380000, 0x0000000118d00000)
  object space 23040K, 98% used [0x0000000108d00000,0x000000010a342b58,0x000000010a380000)
}
Event: 26.419 GC heap before
{Heap before GC invocations=8 (full 0):
 PSYoungGen      total 281088K, used 281088K [0x0000000143780000, 0x0000000158d00000, 0x0000000158d00000)
  eden space 270336K, 100% used [0x0000000143780000,0x0000000153f80000,0x0000000153f80000)
  from space 10752K, 100% used [0x0000000153f80000,0x0000000154a00000,0x0000000154a00000)
  to   space 15872K, 0% used [0x0000000157d80000,0x0000000157d80000,0x0000000158d00000)
 ParOldGen       total 87040K, used 14733K [0x0000000118d00000, 0x000000011e200000, 0x0000000143780000)
  object space 87040K, 16% used [0x0000000118d00000,0x0000000119b637d8,0x000000011e200000)
 PSPermGen       total 34816K, used 34488K [0x0000000108d00000, 0x000000010af00000, 0x0000000118d00000)
  object space 34816K, 99% used [0x0000000108d00000,0x000000010aeae050,0x000000010af00000)
Event: 26.601 GC heap after
Heap after GC invocations=8 (full 0):
 PSYoungGen      total 309248K, used 15872K [0x0000000143780000, 0x0000000158d00000, 0x0000000158d00000)
  eden space 293376K, 0% used [0x0000000143780000,0x0000000143780000,0x0000000155600000)
  from space 15872K, 100% used [0x0000000157d80000,0x0000000158d00000,0x0000000158d00000)
  to   space 28160K, 0% used [0x0000000155600000,0x0000000155600000,0x0000000157180000)
 ParOldGen       total 87040K, used 37047K [0x0000000118d00000, 0x000000011e200000, 0x0000000143780000)
  object space 87040K, 42% used [0x0000000118d00000,0x000000011b12dfe0,0x000000011e200000)
 PSPermGen       total 34816K, used 34488K [0x0000000108d00000, 0x000000010af00000, 0x0000000118d00000)
  object space 34816K, 99% used [0x0000000108d00000,0x000000010aeae050,0x000000010af00000)
}
Event: 42.616 GC heap before
{Heap before GC invocations=9 (full 0):
 PSYoungGen      total 309248K, used 277957K [0x0000000143780000, 0x0000000158d00000, 0x0000000158d00000)
  eden space 293376K, 89% used [0x0000000143780000,0x00000001537714a8,0x0000000155600000)
  from space 15872K, 100% used [0x0000000157d80000,0x0000000158d00000,0x0000000158d00000)
  to   space 28160K, 0% used [0x0000000155600000,0x0000000155600000,0x0000000157180000)
 ParOldGen       total 87040K, used 37047K [0x0000000118d00000, 0x000000011e200000, 0x0000000143780000)
  object space 87040K, 42% used [0x0000000118d00000,0x000000011b12dfe0,0x000000011e200000)
 PSPermGen       total 41984K, used 41557K [0x0000000108d00000, 0x000000010b600000, 0x0000000118d00000)
  object space 41984K, 98% used [0x0000000108d00000,0x000000010b595518,0x000000010b600000)
Event: 43.102 GC heap after
Heap after GC invocations=9 (full 0):
 PSYoungGen      total 321536K, used 28136K [0x0000000143780000, 0x0000000158d00000, 0x0000000158d00000)
  eden space 293376K, 0% used [0x0000000143780000,0x0000000143780000,0x0000000155600000)
  from space 28160K, 99% used [0x0000000155600000,0x000000015717a250,0x0000000157180000)
  to   space 28160K, 0% used [0x0000000157180000,0x0000000157180000,0x0000000158d00000)
 ParOldGen       total 87040K, used 50287K [0x0000000118d00000, 0x000000011e200000, 0x0000000143780000)
  object space 87040K, 57% used [0x0000000118d00000,0x000000011be1bf80,0x000000011e200000)
 PSPermGen       total 41984K, used 41557K [0x0000000108d00000, 0x000000010b600000, 0x0000000118d00000)
  object space 41984K, 98% used [0x0000000108d00000,0x000000010b595518,0x000000010b600000)
}
Event: 43.102 GC heap before
{Heap before GC invocations=10 (full 1):
 PSYoungGen      total 321536K, used 28136K [0x0000000143780000, 0x0000000158d00000, 0x0000000158d00000)
  eden space 293376K, 0% used [0x0000000143780000,0x0000000143780000,0x0000000155600000)
  from space 28160K, 99% used [0x0000000155600000,0x000000015717a250,0x0000000157180000)
  to   space 28160K, 0% used [0x0000000157180000,0x0000000157180000,0x0000000158d00000)
 ParOldGen       total 87040K, used 50287K [0x0000000118d00000, 0x000000011e200000, 0x0000000143780000)
  object space 87040K, 57% used [0x0000000118d00000,0x000000011be1bf80,0x000000011e200000)
 PSPermGen       total 41984K, used 41557K [0x0000000108d00000, 0x000000010b600000, 0x0000000118d00000)
  object space 41984K, 98% used [0x0000000108d00000,0x000000010b595518,0x000000010b600000)
Event: 46.298 GC heap after
Heap after GC invocations=10 (full 1):
 PSYoungGen      total 321536K, used 0K [0x0000000143780000, 0x0000000158d00000, 0x0000000158d00000)
  eden space 293376K, 0% used [0x0000000143780000,0x0000000143780000,0x0000000155600000)
  from space 28160K, 0% used [0x0000000155600000,0x0000000155600000,0x0000000157180000)
  to   space 28160K, 0% used [0x0000000157180000,0x0000000157180000,0x0000000158d00000)
 ParOldGen       total 87040K, used 69302K [0x0000000118d00000, 0x000000011e200000, 0x0000000143780000)
  object space 87040K, 79% used [0x0000000118d00000,0x000000011d0adb38,0x000000011e200000)
 PSPermGen       total 83456K, used 41534K [0x0000000108d00000, 0x000000010de80000, 0x0000000118d00000)
  object space 83456K, 49% used [0x0000000108d00000,0x000000010b58fb10,0x000000010de80000)
}
Event: 6559.907 GC heap before
{Heap before GC invocations=11 (full 2):
 PSYoungGen      total 321536K, used 293376K [0x0000000143780000, 0x0000000158d00000, 0x0000000158d00000)
  eden space 293376K, 100% used [0x0000000143780000,0x0000000155600000,0x0000000155600000)
  from space 28160K, 0% used [0x0000000155600000,0x0000000155600000,0x0000000157180000)
  to   space 28160K, 0% used [0x0000000157180000,0x0000000157180000,0x0000000158d00000)
 ParOldGen       total 87040K, used 69302K [0x0000000118d00000, 0x000000011e200000, 0x0000000143780000)
  object space 87040K, 79% used [0x0000000118d00000,0x000000011d0adb38,0x000000011e200000)
 PSPermGen       total 83456K, used 53041K [0x0000000108d00000, 0x000000010de80000, 0x0000000118d00000)
  object space 83456K, 63% used [0x0000000108d00000,0x000000010c0cc698,0x000000010de80000)

